c:\users\thunder hammer\downloads\dx11starter\x64\debug\vc141.pdb
c:\users\thunder hammer\downloads\dx11starter\x64\debug\vc141.idb
c:\users\thunder hammer\downloads\dx11starter\x64\debug\dxcore.obj
c:\users\thunder hammer\downloads\dx11starter\x64\debug\game.obj
c:\users\thunder hammer\downloads\dx11starter\x64\debug\main.obj
c:\users\thunder hammer\downloads\dx11starter\x64\debug\simpleshader.obj
c:\users\thunder hammer\downloads\x64\debug\pixelshader.cso
c:\users\thunder hammer\downloads\x64\debug\vertexshader.cso
c:\users\thunder hammer\downloads\x64\debug\dx11starter.ilk
c:\users\thunder hammer\downloads\x64\debug\dx11starter.exe
c:\users\thunder hammer\downloads\x64\debug\dx11starter.pdb
c:\users\thunder hammer\downloads\dx11starter\x64\debug\dx11starter.tlog\cl.command.1.tlog
c:\users\thunder hammer\downloads\dx11starter\x64\debug\dx11starter.tlog\cl.read.1.tlog
c:\users\thunder hammer\downloads\dx11starter\x64\debug\dx11starter.tlog\cl.write.1.tlog
c:\users\thunder hammer\downloads\dx11starter\x64\debug\dx11starter.tlog\dx11starter.write.1u.tlog
c:\users\thunder hammer\downloads\dx11starter\x64\debug\dx11starter.tlog\fxc.command.1.tlog
c:\users\thunder hammer\downloads\dx11starter\x64\debug\dx11starter.tlog\fxc.read.1.tlog
c:\users\thunder hammer\downloads\dx11starter\x64\debug\dx11starter.tlog\fxc.write.1.tlog
c:\users\thunder hammer\downloads\dx11starter\x64\debug\dx11starter.tlog\link.command.1.tlog
c:\users\thunder hammer\downloads\dx11starter\x64\debug\dx11starter.tlog\link.read.1.tlog
c:\users\thunder hammer\downloads\dx11starter\x64\debug\dx11starter.tlog\link.write.1.tlog
