c:\users\thunder hammer\repositories\graphics-engine\graphics-engine\x64\debug\vc141.pdb
c:\users\thunder hammer\repositories\graphics-engine\graphics-engine\x64\debug\vc141.idb
c:\users\thunder hammer\repositories\graphics-engine\graphics-engine\x64\debug\camera.obj
c:\users\thunder hammer\repositories\graphics-engine\graphics-engine\x64\debug\dxcore.obj
c:\users\thunder hammer\repositories\graphics-engine\graphics-engine\x64\debug\game.obj
c:\users\thunder hammer\repositories\graphics-engine\graphics-engine\x64\debug\gameentity.obj
c:\users\thunder hammer\repositories\graphics-engine\graphics-engine\x64\debug\main.obj
c:\users\thunder hammer\repositories\graphics-engine\graphics-engine\x64\debug\material.obj
c:\users\thunder hammer\repositories\graphics-engine\graphics-engine\x64\debug\mesh.obj
c:\users\thunder hammer\repositories\graphics-engine\graphics-engine\x64\debug\simpleshader.obj
c:\users\thunder hammer\repositories\graphics-engine\x64\debug\pixelshader.cso
c:\users\thunder hammer\repositories\graphics-engine\x64\debug\vertexshader.cso
c:\users\thunder hammer\repositories\graphics-engine\x64\debug\graphics-engine.exe
c:\users\thunder hammer\repositories\graphics-engine\x64\debug\graphics-engine.ilk
c:\users\thunder hammer\repositories\graphics-engine\x64\debug\graphics-engine.pdb
c:\users\thunder hammer\repositories\graphics-engine\graphics-engine\x64\debug\graphics-engine.tlog\cl.command.1.tlog
c:\users\thunder hammer\repositories\graphics-engine\graphics-engine\x64\debug\graphics-engine.tlog\cl.read.1.tlog
c:\users\thunder hammer\repositories\graphics-engine\graphics-engine\x64\debug\graphics-engine.tlog\cl.write.1.tlog
c:\users\thunder hammer\repositories\graphics-engine\graphics-engine\x64\debug\graphics-engine.tlog\fxc.command.1.tlog
c:\users\thunder hammer\repositories\graphics-engine\graphics-engine\x64\debug\graphics-engine.tlog\fxc.read.1.tlog
c:\users\thunder hammer\repositories\graphics-engine\graphics-engine\x64\debug\graphics-engine.tlog\fxc.write.1.tlog
c:\users\thunder hammer\repositories\graphics-engine\graphics-engine\x64\debug\graphics-engine.tlog\graphics-engine.write.1u.tlog
c:\users\thunder hammer\repositories\graphics-engine\graphics-engine\x64\debug\graphics-engine.tlog\link.command.1.tlog
c:\users\thunder hammer\repositories\graphics-engine\graphics-engine\x64\debug\graphics-engine.tlog\link.read.1.tlog
c:\users\thunder hammer\repositories\graphics-engine\graphics-engine\x64\debug\graphics-engine.tlog\link.write.1.tlog
