z:\igmprofile\repositories\graphics-engine\graphics-engine\x64\release\vc141.pdb
z:\igmprofile\repositories\graphics-engine\graphics-engine\x64\release\simpleshader.obj
z:\igmprofile\repositories\graphics-engine\graphics-engine\x64\release\mesh.obj
z:\igmprofile\repositories\graphics-engine\graphics-engine\x64\release\material.obj
z:\igmprofile\repositories\graphics-engine\graphics-engine\x64\release\main.obj
z:\igmprofile\repositories\graphics-engine\graphics-engine\x64\release\gameentity.obj
z:\igmprofile\repositories\graphics-engine\graphics-engine\x64\release\game.obj
z:\igmprofile\repositories\graphics-engine\graphics-engine\x64\release\dxcore.obj
z:\igmprofile\repositories\graphics-engine\graphics-engine\x64\release\camera.obj
z:\igmprofile\repositories\graphics-engine\x64\release\pixelshader.cso
z:\igmprofile\repositories\graphics-engine\x64\release\vertexshader.cso
z:\igmprofile\repositories\graphics-engine\x64\release\graphics-engine.ipdb
z:\igmprofile\repositories\graphics-engine\x64\release\graphics-engine.iobj
z:\igmprofile\repositories\graphics-engine\x64\release\graphics-engine.exe
z:\igmprofile\repositories\graphics-engine\x64\release\graphics-engine.pdb
z:\igmprofile\repositories\graphics-engine\graphics-engine\x64\release\graphics-engine.tlog\cl.command.1.tlog
z:\igmprofile\repositories\graphics-engine\graphics-engine\x64\release\graphics-engine.tlog\cl.read.1.tlog
z:\igmprofile\repositories\graphics-engine\graphics-engine\x64\release\graphics-engine.tlog\cl.write.1.tlog
z:\igmprofile\repositories\graphics-engine\graphics-engine\x64\release\graphics-engine.tlog\fxc.command.1.tlog
z:\igmprofile\repositories\graphics-engine\graphics-engine\x64\release\graphics-engine.tlog\fxc.read.1.tlog
z:\igmprofile\repositories\graphics-engine\graphics-engine\x64\release\graphics-engine.tlog\fxc.write.1.tlog
z:\igmprofile\repositories\graphics-engine\graphics-engine\x64\release\graphics-engine.tlog\graphics-engine.write.1u.tlog
z:\igmprofile\repositories\graphics-engine\graphics-engine\x64\release\graphics-engine.tlog\link.command.1.tlog
z:\igmprofile\repositories\graphics-engine\graphics-engine\x64\release\graphics-engine.tlog\link.read.1.tlog
z:\igmprofile\repositories\graphics-engine\graphics-engine\x64\release\graphics-engine.tlog\link.write.1.tlog
